{"devicePlatform":"","logFolder":"C:\\Users\\Jasica.Nagpal\\Katalon Studio\\Google\\Reports\\Google Search\\20180319_144003","runData":{"hostName":"SYNBLRLT-420$ - SYNBLRLT-420.synechron.com","os":"Windows 10 64bit","katalonVersion":"5.3.0.1","browser":"Chrome 64.0.3282.186","hostAddress":"172.22.49.70","sessionId":"bdac5e1add9e2f40a7902c884abfbd7f","seleniumVersion":"3.7.1","proxyInformation":"ProxyInformation{proxyOption\u003dNO_PROXY, proxyServerType\u003dHTTP, password\u003d, proxyServerAddress\u003d, proxyServerPort\u003d0}","platform":"Windows 10"},"type":"TEST_SUITE","name":"Google Search","id":"Test Suites/Google Search","source":"","message":"Test Cases/Search Text FAILED because (of) Unable to click on object \u0027Object Repository/Page_Google/input_btnK\u0027 (Root cause: org.openqa.selenium.WebDriverException: unknown error: Element \u003cinput value\u003d\"Google Search\" aria-label\u003d\"Google Search\" name\u003d\"btnK\" type\u003d\"submit\" jsaction\u003d\"sf.chk\"\u003e is not clickable at point (413, 411). Other element would receive the click: \u003cdiv class\u003d\"sbqs_c\"\u003e...\u003c/div\u003e\n  (Session info: chrome\u003d64.0.3282.186)\n  (Driver info: chromedriver\u003d2.35.528161 (5b82f2d2aae0ca24b877009200ced9065a772e73),platform\u003dWindows NT 10.0.15063 x86_64) (WARNING: The server did not provide any stacktrace information)\nCommand duration or timeout: 0 milliseconds\nBuild info: version: \u00273.7.1\u0027, revision: \u00278a0099a\u0027, time: \u00272017-11-06T21:07:36.161Z\u0027\nSystem info: host: \u0027SYNBLRLT-420\u0027, ip: \u0027172.22.49.70\u0027, os.name: \u0027Windows 10\u0027, os.arch: \u0027amd64\u0027, os.version: \u002710.0\u0027, java.version: \u00271.8.0_102\u0027\nDriver info: com.kms.katalon.selenium.driver.CChromeDriver\nCapabilities {acceptInsecureCerts: false, acceptSslCerts: false, applicationCacheEnabled: false, browserConnectionEnabled: false, browserName: chrome, chrome: {chromedriverVersion: 2.35.528161 (5b82f2d2aae0ca..., userDataDir: C:\\Windows\\TEMP\\scoped_dir2...}, cssSelectorsEnabled: true, databaseEnabled: false, handlesAlerts: true, hasTouchScreen: false, javascriptEnabled: true, locationContextEnabled: true, mobileEmulationEnabled: false, nativeEvents: true, networkConnectionEnabled: false, pageLoadStrategy: normal, platform: XP, platformName: XP, rotatable: false, setWindowRect: true, takesHeapSnapshot: true, takesScreenshot: true, unexpectedAlertBehaviour: , unhandledPromptBehavior: , version: 64.0.3282.186, webStorageEnabled: true}\nSession ID: 8602ade742f8d89b1ccb6e943c4a5271)","description":"","startTime":1521450607883,"endTime":1521450637065,"childRecords":[{"isOptional":false,"type":"TEST_CASE","name":"Test Cases/Search Text","id":"Test Cases/Search Text","source":"C:\\\\Users\\\\Jasica.Nagpal\\\\Katalon Studio\\\\Google\\\\Test Cases\\\\Search Text.tc","message":"Test Cases/Search Text FAILED because (of) Unable to click on object \u0027Object Repository/Page_Google/input_btnK\u0027 (Root cause: org.openqa.selenium.WebDriverException: unknown error: Element \u003cinput value\u003d\"Google Search\" aria-label\u003d\"Google Search\" name\u003d\"btnK\" type\u003d\"submit\" jsaction\u003d\"sf.chk\"\u003e is not clickable at point (413, 411). Other element would receive the click: \u003cdiv class\u003d\"sbqs_c\"\u003e...\u003c/div\u003e\n  (Session info: chrome\u003d64.0.3282.186)\n  (Driver info: chromedriver\u003d2.35.528161 (5b82f2d2aae0ca24b877009200ced9065a772e73),platform\u003dWindows NT 10.0.15063 x86_64) (WARNING: The server did not provide any stacktrace information)\nCommand duration or timeout: 0 milliseconds\nBuild info: version: \u00273.7.1\u0027, revision: \u00278a0099a\u0027, time: \u00272017-11-06T21:07:36.161Z\u0027\nSystem info: host: \u0027SYNBLRLT-420\u0027, ip: \u0027172.22.49.70\u0027, os.name: \u0027Windows 10\u0027, os.arch: \u0027amd64\u0027, os.version: \u002710.0\u0027, java.version: \u00271.8.0_102\u0027\nDriver info: com.kms.katalon.selenium.driver.CChromeDriver\nCapabilities {acceptInsecureCerts: false, acceptSslCerts: false, applicationCacheEnabled: false, browserConnectionEnabled: false, browserName: chrome, chrome: {chromedriverVersion: 2.35.528161 (5b82f2d2aae0ca..., userDataDir: C:\\Windows\\TEMP\\scoped_dir2...}, cssSelectorsEnabled: true, databaseEnabled: false, handlesAlerts: true, hasTouchScreen: false, javascriptEnabled: true, locationContextEnabled: true, mobileEmulationEnabled: false, nativeEvents: true, networkConnectionEnabled: false, pageLoadStrategy: normal, platform: XP, platformName: XP, rotatable: false, setWindowRect: true, takesHeapSnapshot: true, takesScreenshot: true, unexpectedAlertBehaviour: , unhandledPromptBehavior: , version: 64.0.3282.186, webStorageEnabled: true}\nSession ID: 8602ade742f8d89b1ccb6e943c4a5271)","description":"","startTime":1521450608446,"endTime":1521450628677,"childRecords":[{"testStatus":{"stackTrace":"","statusValue":"INFO"},"type":"MESSAGE","name":"","message":"Evaluating variables for test case","startTime":1521450608542,"endTime":0,"childRecords":[],"interuppted":false},{"index":1,"isIgnoredIfFailed":false,"type":"TEST_STEP","name":"openBrowser","message":"Browser is opened with url: \u0027\u0027","description":"","startTime":1521450608945,"endTime":1521450623383,"childRecords":[{"testStatus":{"stackTrace":"","statusValue":"PASSED"},"type":"MESSAGE","name":"","message":"Browser is opened with url: \u0027\u0027","startTime":1521450623382,"endTime":0,"childRecords":[],"interuppted":false}],"interuppted":false},{"index":2,"isIgnoredIfFailed":false,"type":"TEST_STEP","name":"navigateToUrl","message":"Navigate to \u0027http://www.google.com\u0027 successfully","description":"","startTime":1521450623384,"endTime":1521450627519,"childRecords":[{"testStatus":{"stackTrace":"","statusValue":"PASSED"},"type":"MESSAGE","name":"","message":"Navigate to \u0027http://www.google.com\u0027 successfully","startTime":1521450627517,"endTime":0,"childRecords":[],"interuppted":false}],"interuppted":false},{"index":3,"isIgnoredIfFailed":false,"type":"TEST_STEP","name":"setText","message":"Text \u0027Jenkins\u0027 is set on object \u0027Object Repository/Page_Google/input_q\u0027","description":"","startTime":1521450627520,"endTime":1521450628149,"childRecords":[{"testStatus":{"stackTrace":"","statusValue":"PASSED"},"type":"MESSAGE","name":"","message":"Text \u0027Jenkins\u0027 is set on object \u0027Object Repository/Page_Google/input_q\u0027","startTime":1521450628148,"endTime":0,"childRecords":[],"interuppted":false}],"interuppted":false},{"attachment":"1521450628394.png","index":4,"isIgnoredIfFailed":false,"type":"TEST_STEP","name":"click","message":"Unable to click on object \u0027Object Repository/Page_Google/input_btnK\u0027 (Root cause: org.openqa.selenium.WebDriverException: unknown error: Element \u003cinput value\u003d\"Google Search\" aria-label\u003d\"Google Search\" name\u003d\"btnK\" type\u003d\"submit\" jsaction\u003d\"sf.chk\"\u003e is not clickable at point (413, 411). Other element would receive the click: \u003cdiv class\u003d\"sbqs_c\"\u003e...\u003c/div\u003e\n  (Session info: chrome\u003d64.0.3282.186)\n  (Driver info: chromedriver\u003d2.35.528161 (5b82f2d2aae0ca24b877009200ced9065a772e73),platform\u003dWindows NT 10.0.15063 x86_64) (WARNING: The server did not provide any stacktrace information)\nCommand duration or timeout: 0 milliseconds\nBuild info: version: \u00273.7.1\u0027, revision: \u00278a0099a\u0027, time: \u00272017-11-06T21:07:36.161Z\u0027\nSystem info: host: \u0027SYNBLRLT-420\u0027, ip: \u0027172.22.49.70\u0027, os.name: \u0027Windows 10\u0027, os.arch: \u0027amd64\u0027, os.version: \u002710.0\u0027, java.version: \u00271.8.0_102\u0027\nDriver info: com.kms.katalon.selenium.driver.CChromeDriver\nCapabilities {acceptInsecureCerts: false, acceptSslCerts: false, applicationCacheEnabled: false, browserConnectionEnabled: false, browserName: chrome, chrome: {chromedriverVersion: 2.35.528161 (5b82f2d2aae0ca..., userDataDir: C:\\Windows\\TEMP\\scoped_dir2...}, cssSelectorsEnabled: true, databaseEnabled: false, handlesAlerts: true, hasTouchScreen: false, javascriptEnabled: true, locationContextEnabled: true, mobileEmulationEnabled: false, nativeEvents: true, networkConnectionEnabled: false, pageLoadStrategy: normal, platform: XP, platformName: XP, rotatable: false, setWindowRect: true, takesHeapSnapshot: true, takesScreenshot: true, unexpectedAlertBehaviour: , unhandledPromptBehavior: , version: 64.0.3282.186, webStorageEnabled: true}\nSession ID: 8602ade742f8d89b1ccb6e943c4a5271)","description":"","startTime":1521450628149,"endTime":1521450628673,"childRecords":[{"testStatus":{"stackTrace":"","statusValue":"FAILED"},"attachment":"1521450628394.png","type":"MESSAGE","name":"","message":"Unable to click on object \u0027Object Repository/Page_Google/input_btnK\u0027 (Root cause: org.openqa.selenium.WebDriverException: unknown error: Element \u003cinput value\u003d\"Google Search\" aria-label\u003d\"Google Search\" name\u003d\"btnK\" type\u003d\"submit\" jsaction\u003d\"sf.chk\"\u003e is not clickable at point (413, 411). Other element would receive the click: \u003cdiv class\u003d\"sbqs_c\"\u003e...\u003c/div\u003e\n  (Session info: chrome\u003d64.0.3282.186)\n  (Driver info: chromedriver\u003d2.35.528161 (5b82f2d2aae0ca24b877009200ced9065a772e73),platform\u003dWindows NT 10.0.15063 x86_64) (WARNING: The server did not provide any stacktrace information)\nCommand duration or timeout: 0 milliseconds\nBuild info: version: \u00273.7.1\u0027, revision: \u00278a0099a\u0027, time: \u00272017-11-06T21:07:36.161Z\u0027\nSystem info: host: \u0027SYNBLRLT-420\u0027, ip: \u0027172.22.49.70\u0027, os.name: \u0027Windows 10\u0027, os.arch: \u0027amd64\u0027, os.version: \u002710.0\u0027, java.version: \u00271.8.0_102\u0027\nDriver info: com.kms.katalon.selenium.driver.CChromeDriver\nCapabilities {acceptInsecureCerts: false, acceptSslCerts: false, applicationCacheEnabled: false, browserConnectionEnabled: false, browserName: chrome, chrome: {chromedriverVersion: 2.35.528161 (5b82f2d2aae0ca..., userDataDir: C:\\Windows\\TEMP\\scoped_dir2...}, cssSelectorsEnabled: true, databaseEnabled: false, handlesAlerts: true, hasTouchScreen: false, javascriptEnabled: true, locationContextEnabled: true, mobileEmulationEnabled: false, nativeEvents: true, networkConnectionEnabled: false, pageLoadStrategy: normal, platform: XP, platformName: XP, rotatable: false, setWindowRect: true, takesHeapSnapshot: true, takesScreenshot: true, unexpectedAlertBehaviour: , unhandledPromptBehavior: , version: 64.0.3282.186, webStorageEnabled: true}\nSession ID: 8602ade742f8d89b1ccb6e943c4a5271)","startTime":1521450628672,"endTime":0,"childRecords":[],"interuppted":false}],"interuppted":false},{"testStatus":{"stackTrace":"","statusValue":"FAILED"},"type":"MESSAGE","name":"","message":"Test Cases/Search Text FAILED because (of) Unable to click on object \u0027Object Repository/Page_Google/input_btnK\u0027 (Root cause: org.openqa.selenium.WebDriverException: unknown error: Element \u003cinput value\u003d\"Google Search\" aria-label\u003d\"Google Search\" name\u003d\"btnK\" type\u003d\"submit\" jsaction\u003d\"sf.chk\"\u003e is not clickable at point (413, 411). Other element would receive the click: \u003cdiv class\u003d\"sbqs_c\"\u003e...\u003c/div\u003e\n  (Session info: chrome\u003d64.0.3282.186)\n  (Driver info: chromedriver\u003d2.35.528161 (5b82f2d2aae0ca24b877009200ced9065a772e73),platform\u003dWindows NT 10.0.15063 x86_64) (WARNING: The server did not provide any stacktrace information)\nCommand duration or timeout: 0 milliseconds\nBuild info: version: \u00273.7.1\u0027, revision: \u00278a0099a\u0027, time: \u00272017-11-06T21:07:36.161Z\u0027\nSystem info: host: \u0027SYNBLRLT-420\u0027, ip: \u0027172.22.49.70\u0027, os.name: \u0027Windows 10\u0027, os.arch: \u0027amd64\u0027, os.version: \u002710.0\u0027, java.version: \u00271.8.0_102\u0027\nDriver info: com.kms.katalon.selenium.driver.CChromeDriver\nCapabilities {acceptInsecureCerts: false, acceptSslCerts: false, applicationCacheEnabled: false, browserConnectionEnabled: false, browserName: chrome, chrome: {chromedriverVersion: 2.35.528161 (5b82f2d2aae0ca..., userDataDir: C:\\Windows\\TEMP\\scoped_dir2...}, cssSelectorsEnabled: true, databaseEnabled: false, handlesAlerts: true, hasTouchScreen: false, javascriptEnabled: true, locationContextEnabled: true, mobileEmulationEnabled: false, nativeEvents: true, networkConnectionEnabled: false, pageLoadStrategy: normal, platform: XP, platformName: XP, rotatable: false, setWindowRect: true, takesHeapSnapshot: true, takesScreenshot: true, unexpectedAlertBehaviour: , unhandledPromptBehavior: , version: 64.0.3282.186, webStorageEnabled: true}\nSession ID: 8602ade742f8d89b1ccb6e943c4a5271)","startTime":1521450628674,"endTime":0,"childRecords":[],"interuppted":false}],"interuppted":false},{"isOptional":false,"type":"TEST_CASE","name":"Test Cases/Search Images","id":"Test Cases/Search Images","source":"C:\\\\Users\\\\Jasica.Nagpal\\\\Katalon Studio\\\\Google\\\\Test Cases\\\\Search Images.tc","message":"Test Cases/Search Images FAILED because (of) Unable to click on object \u0027Object Repository/Page_Google/input_btnK\u0027 (Root cause: org.openqa.selenium.WebDriverException: unknown error: Element \u003cinput value\u003d\"Google Search\" aria-label\u003d\"Google Search\" name\u003d\"btnK\" type\u003d\"submit\" jsaction\u003d\"sf.chk\"\u003e is not clickable at point (413, 411). Other element would receive the click: \u003cb\u003e...\u003c/b\u003e\n  (Session info: chrome\u003d64.0.3282.186)\n  (Driver info: chromedriver\u003d2.35.528161 (5b82f2d2aae0ca24b877009200ced9065a772e73),platform\u003dWindows NT 10.0.15063 x86_64) (WARNING: The server did not provide any stacktrace information)\nCommand duration or timeout: 0 milliseconds\nBuild info: version: \u00273.7.1\u0027, revision: \u00278a0099a\u0027, time: \u00272017-11-06T21:07:36.161Z\u0027\nSystem info: host: \u0027SYNBLRLT-420\u0027, ip: \u0027172.22.49.70\u0027, os.name: \u0027Windows 10\u0027, os.arch: \u0027amd64\u0027, os.version: \u002710.0\u0027, java.version: \u00271.8.0_102\u0027\nDriver info: com.kms.katalon.selenium.driver.CChromeDriver\nCapabilities {acceptInsecureCerts: false, acceptSslCerts: false, applicationCacheEnabled: false, browserConnectionEnabled: false, browserName: chrome, chrome: {chromedriverVersion: 2.35.528161 (5b82f2d2aae0ca..., userDataDir: C:\\Windows\\TEMP\\scoped_dir1...}, cssSelectorsEnabled: true, databaseEnabled: false, handlesAlerts: true, hasTouchScreen: false, javascriptEnabled: true, locationContextEnabled: true, mobileEmulationEnabled: false, nativeEvents: true, networkConnectionEnabled: false, pageLoadStrategy: normal, platform: XP, platformName: XP, rotatable: false, setWindowRect: true, takesHeapSnapshot: true, takesScreenshot: true, unexpectedAlertBehaviour: , unhandledPromptBehavior: , version: 64.0.3282.186, webStorageEnabled: true}\nSession ID: bdac5e1add9e2f40a7902c884abfbd7f)","description":"","startTime":1521450628685,"endTime":1521450636349,"childRecords":[{"testStatus":{"stackTrace":"","statusValue":"INFO"},"type":"MESSAGE","name":"","message":"Evaluating variables for test case","startTime":1521450628709,"endTime":0,"childRecords":[],"interuppted":false},{"index":1,"isIgnoredIfFailed":false,"type":"TEST_STEP","name":"openBrowser","message":"Browser is opened with url: \u0027\u0027","description":"","startTime":1521450628875,"endTime":1521450631675,"childRecords":[{"testStatus":{"stackTrace":"","statusValue":"WARNING"},"type":"MESSAGE","name":"","message":"A browser is already opened. Closing browser and opening a new one","startTime":1521450628876,"endTime":0,"childRecords":[],"interuppted":false},{"testStatus":{"stackTrace":"","statusValue":"PASSED"},"type":"MESSAGE","name":"","message":"Browser is opened with url: \u0027\u0027","startTime":1521450631674,"endTime":0,"childRecords":[],"interuppted":false}],"interuppted":false},{"index":2,"isIgnoredIfFailed":false,"type":"TEST_STEP","name":"navigateToUrl","message":"Navigate to \u0027http://www.google.com\u0027 successfully","description":"","startTime":1521450631676,"endTime":1521450635804,"childRecords":[{"testStatus":{"stackTrace":"","statusValue":"PASSED"},"type":"MESSAGE","name":"","message":"Navigate to \u0027http://www.google.com\u0027 successfully","startTime":1521450635803,"endTime":0,"childRecords":[],"interuppted":false}],"interuppted":false},{"index":3,"isIgnoredIfFailed":false,"type":"TEST_STEP","name":"setText","message":"Text \u0027Agile\u0027 is set on object \u0027Object Repository/Page_Google/input_q\u0027","description":"","startTime":1521450635804,"endTime":1521450635977,"childRecords":[{"testStatus":{"stackTrace":"","statusValue":"PASSED"},"type":"MESSAGE","name":"","message":"Text \u0027Agile\u0027 is set on object \u0027Object Repository/Page_Google/input_q\u0027","startTime":1521450635976,"endTime":0,"childRecords":[],"interuppted":false}],"interuppted":false},{"attachment":"1521450636091.png","index":4,"isIgnoredIfFailed":false,"type":"TEST_STEP","name":"click","message":"Unable to click on object \u0027Object Repository/Page_Google/input_btnK\u0027 (Root cause: org.openqa.selenium.WebDriverException: unknown error: Element \u003cinput value\u003d\"Google Search\" aria-label\u003d\"Google Search\" name\u003d\"btnK\" type\u003d\"submit\" jsaction\u003d\"sf.chk\"\u003e is not clickable at point (413, 411). Other element would receive the click: \u003cb\u003e...\u003c/b\u003e\n  (Session info: chrome\u003d64.0.3282.186)\n  (Driver info: chromedriver\u003d2.35.528161 (5b82f2d2aae0ca24b877009200ced9065a772e73),platform\u003dWindows NT 10.0.15063 x86_64) (WARNING: The server did not provide any stacktrace information)\nCommand duration or timeout: 0 milliseconds\nBuild info: version: \u00273.7.1\u0027, revision: \u00278a0099a\u0027, time: \u00272017-11-06T21:07:36.161Z\u0027\nSystem info: host: \u0027SYNBLRLT-420\u0027, ip: \u0027172.22.49.70\u0027, os.name: \u0027Windows 10\u0027, os.arch: \u0027amd64\u0027, os.version: \u002710.0\u0027, java.version: \u00271.8.0_102\u0027\nDriver info: com.kms.katalon.selenium.driver.CChromeDriver\nCapabilities {acceptInsecureCerts: false, acceptSslCerts: false, applicationCacheEnabled: false, browserConnectionEnabled: false, browserName: chrome, chrome: {chromedriverVersion: 2.35.528161 (5b82f2d2aae0ca..., userDataDir: C:\\Windows\\TEMP\\scoped_dir1...}, cssSelectorsEnabled: true, databaseEnabled: false, handlesAlerts: true, hasTouchScreen: false, javascriptEnabled: true, locationContextEnabled: true, mobileEmulationEnabled: false, nativeEvents: true, networkConnectionEnabled: false, pageLoadStrategy: normal, platform: XP, platformName: XP, rotatable: false, setWindowRect: true, takesHeapSnapshot: true, takesScreenshot: true, unexpectedAlertBehaviour: , unhandledPromptBehavior: , version: 64.0.3282.186, webStorageEnabled: true}\nSession ID: bdac5e1add9e2f40a7902c884abfbd7f)","description":"","startTime":1521450635977,"endTime":1521450636346,"childRecords":[{"testStatus":{"stackTrace":"","statusValue":"FAILED"},"attachment":"1521450636091.png","type":"MESSAGE","name":"","message":"Unable to click on object \u0027Object Repository/Page_Google/input_btnK\u0027 (Root cause: org.openqa.selenium.WebDriverException: unknown error: Element \u003cinput value\u003d\"Google Search\" aria-label\u003d\"Google Search\" name\u003d\"btnK\" type\u003d\"submit\" jsaction\u003d\"sf.chk\"\u003e is not clickable at point (413, 411). Other element would receive the click: \u003cb\u003e...\u003c/b\u003e\n  (Session info: chrome\u003d64.0.3282.186)\n  (Driver info: chromedriver\u003d2.35.528161 (5b82f2d2aae0ca24b877009200ced9065a772e73),platform\u003dWindows NT 10.0.15063 x86_64) (WARNING: The server did not provide any stacktrace information)\nCommand duration or timeout: 0 milliseconds\nBuild info: version: \u00273.7.1\u0027, revision: \u00278a0099a\u0027, time: \u00272017-11-06T21:07:36.161Z\u0027\nSystem info: host: \u0027SYNBLRLT-420\u0027, ip: \u0027172.22.49.70\u0027, os.name: \u0027Windows 10\u0027, os.arch: \u0027amd64\u0027, os.version: \u002710.0\u0027, java.version: \u00271.8.0_102\u0027\nDriver info: com.kms.katalon.selenium.driver.CChromeDriver\nCapabilities {acceptInsecureCerts: false, acceptSslCerts: false, applicationCacheEnabled: false, browserConnectionEnabled: false, browserName: chrome, chrome: {chromedriverVersion: 2.35.528161 (5b82f2d2aae0ca..., userDataDir: C:\\Windows\\TEMP\\scoped_dir1...}, cssSelectorsEnabled: true, databaseEnabled: false, handlesAlerts: true, hasTouchScreen: false, javascriptEnabled: true, locationContextEnabled: true, mobileEmulationEnabled: false, nativeEvents: true, networkConnectionEnabled: false, pageLoadStrategy: normal, platform: XP, platformName: XP, rotatable: false, setWindowRect: true, takesHeapSnapshot: true, takesScreenshot: true, unexpectedAlertBehaviour: , unhandledPromptBehavior: , version: 64.0.3282.186, webStorageEnabled: true}\nSession ID: bdac5e1add9e2f40a7902c884abfbd7f)","startTime":1521450636345,"endTime":0,"childRecords":[],"interuppted":false}],"interuppted":false},{"testStatus":{"stackTrace":"","statusValue":"FAILED"},"type":"MESSAGE","name":"","message":"Test Cases/Search Images FAILED because (of) Unable to click on object \u0027Object Repository/Page_Google/input_btnK\u0027 (Root cause: org.openqa.selenium.WebDriverException: unknown error: Element \u003cinput value\u003d\"Google Search\" aria-label\u003d\"Google Search\" name\u003d\"btnK\" type\u003d\"submit\" jsaction\u003d\"sf.chk\"\u003e is not clickable at point (413, 411). Other element would receive the click: \u003cb\u003e...\u003c/b\u003e\n  (Session info: chrome\u003d64.0.3282.186)\n  (Driver info: chromedriver\u003d2.35.528161 (5b82f2d2aae0ca24b877009200ced9065a772e73),platform\u003dWindows NT 10.0.15063 x86_64) (WARNING: The server did not provide any stacktrace information)\nCommand duration or timeout: 0 milliseconds\nBuild info: version: \u00273.7.1\u0027, revision: \u00278a0099a\u0027, time: \u00272017-11-06T21:07:36.161Z\u0027\nSystem info: host: \u0027SYNBLRLT-420\u0027, ip: \u0027172.22.49.70\u0027, os.name: \u0027Windows 10\u0027, os.arch: \u0027amd64\u0027, os.version: \u002710.0\u0027, java.version: \u00271.8.0_102\u0027\nDriver info: com.kms.katalon.selenium.driver.CChromeDriver\nCapabilities {acceptInsecureCerts: false, acceptSslCerts: false, applicationCacheEnabled: false, browserConnectionEnabled: false, browserName: chrome, chrome: {chromedriverVersion: 2.35.528161 (5b82f2d2aae0ca..., userDataDir: C:\\Windows\\TEMP\\scoped_dir1...}, cssSelectorsEnabled: true, databaseEnabled: false, handlesAlerts: true, hasTouchScreen: false, javascriptEnabled: true, locationContextEnabled: true, mobileEmulationEnabled: false, nativeEvents: true, networkConnectionEnabled: false, pageLoadStrategy: normal, platform: XP, platformName: XP, rotatable: false, setWindowRect: true, takesHeapSnapshot: true, takesScreenshot: true, unexpectedAlertBehaviour: , unhandledPromptBehavior: , version: 64.0.3282.186, webStorageEnabled: true}\nSession ID: bdac5e1add9e2f40a7902c884abfbd7f)","startTime":1521450636347,"endTime":0,"childRecords":[],"interuppted":false}],"interuppted":false}],"interuppted":false}